[debug] [2018-05-09T22:06:42.404Z] ----------------------------------------------------------------------
[debug] [2018-05-09T22:06:42.406Z] Command:       /usr/local/bin/node /usr/local/bin/firebase init
[debug] [2018-05-09T22:06:42.406Z] CLI Version:   3.18.4
[debug] [2018-05-09T22:06:42.406Z] Platform:      darwin
[debug] [2018-05-09T22:06:42.406Z] Node Version:  v8.2.1
[debug] [2018-05-09T22:06:42.407Z] Time:          Wed May 09 2018 15:06:42 GMT-0700 (PDT)
[debug] [2018-05-09T22:06:42.407Z] ----------------------------------------------------------------------
[debug]
[debug] [2018-05-09T22:06:42.413Z] > command requires scopes: ["email","openid","https://www.googleapis.com/auth/cloudplatformprojects.readonly","https://www.googleapis.com/auth/firebase"]
[debug] [2018-05-09T22:06:42.413Z] > authorizing via signed-in user
[info]
     🔥🔥🔥🔥🔥🔥🔥🔥 🔥🔥🔥🔥 🔥🔥🔥🔥🔥🔥🔥🔥  🔥🔥🔥🔥🔥🔥🔥🔥 🔥🔥🔥🔥🔥🔥🔥🔥     🔥🔥🔥     🔥🔥🔥🔥🔥🔥  🔥🔥🔥🔥🔥🔥🔥🔥
     🔥🔥        🔥🔥  🔥🔥     🔥🔥 🔥🔥       🔥🔥     🔥🔥  🔥🔥   🔥🔥  🔥🔥       🔥🔥
     🔥🔥🔥🔥🔥🔥    🔥🔥  🔥🔥🔥🔥🔥🔥🔥🔥  🔥🔥🔥🔥🔥🔥   🔥🔥🔥🔥🔥🔥🔥🔥  🔥🔥🔥🔥🔥🔥🔥🔥🔥  🔥🔥🔥🔥🔥🔥  🔥🔥🔥🔥🔥🔥
     🔥🔥        🔥🔥  🔥🔥    🔥🔥  🔥🔥       🔥🔥     🔥🔥 🔥🔥     🔥🔥       🔥🔥 🔥🔥
     🔥🔥       🔥🔥🔥🔥 🔥🔥     🔥🔥 🔥🔥🔥🔥🔥🔥🔥🔥 🔥🔥🔥🔥🔥🔥🔥🔥  🔥🔥     🔥🔥  🔥🔥🔥🔥🔥🔥  🔥🔥🔥🔥🔥🔥🔥🔥

You're about to initialize a Firebase project in this directory:

  /Users/Guest/Desktop/crowdfund

[info]
=== Project Setup
[info]
[info] First, let's associate this project directory with a Firebase project.
[info] You can create multiple project aliases by running firebase use --add,
[info] but for now we'll just set up a default project.
[info]
[debug] [2018-05-09T22:06:50.766Z] > refreshing access token with scopes: ["email","https://www.googleapis.com/auth/cloudplatformprojects.readonly","https://www.googleapis.com/auth/firebase","openid"]
[debug] [2018-05-09T22:06:50.766Z] >>> HTTP REQUEST POST https://www.googleapis.com/oauth2/v3/token
 { refresh_token: '1/scm-yH7qjI9B6O4AZ0E12K_i1nWZQC-Y2N7fs335VIc',
  client_id: '563584335869-fgrhgmd47bqnekij5i8b5pr03ho849e6.apps.googleusercontent.com',
  client_secret: 'j9iVZfS8kkCEFUPaAeJV0sAi',
  grant_type: 'refresh_token',
  scope: 'email https://www.googleapis.com/auth/cloudplatformprojects.readonly https://www.googleapis.com/auth/firebase openid' }
 Wed May 09 2018 15:06:50 GMT-0700 (PDT)
[debug] [2018-05-09T22:06:50.904Z] <<< HTTP RESPONSE 200
[debug] [2018-05-09T22:06:50.986Z] >>> HTTP REQUEST GET https://admin.firebase.com/v1/projects

 Wed May 09 2018 15:06:50 GMT-0700 (PDT)
[debug] [2018-05-09T22:06:51.601Z] <<< HTTP RESPONSE 200
[info]
=== Database Setup
[info]
[info] Firebase Realtime Database Rules allow you to define how your data should be
[info] structured and when your data can be read from and written to.
[info]
[debug] [2018-05-09T22:09:03.902Z] >>> HTTP REQUEST GET https://crowdfund-8ab6d.firebaseio.com/.settings/rules.json

 Wed May 09 2018 15:09:03 GMT-0700 (PDT)
[debug] [2018-05-09T22:09:04.263Z] <<< HTTP RESPONSE 200
[info] ✔  Database Rules for crowdfund-8ab6d have been downloaded to database.rules.json.
[info] Future modifications to database.rules.json will update Database Rules when you run
[info] firebase deploy.
[info]
=== Hosting Setup
[info]
[info] Your public directory is the folder (relative to your project directory) that
[info] will contain Hosting assets to be uploaded with firebase deploy. If you
[info] have a build process for your assets, use your build's output directory.
[info]
[debug] [2018-05-09T22:09:17.780Z] >>> HTTP REQUEST GET https://www.gstatic.com/firebasejs/releases.json

 Wed May 09 2018 15:09:17 GMT-0700 (PDT)
[debug] [2018-05-09T22:09:17.826Z] <<< HTTP RESPONSE 200
